<?xml version="1.0" encoding="UTF-8"?>
<testng-results skipped="0" failed="0" total="4" passed="4">
  <reporter-output>
  </reporter-output>
  <suite name="Default suite" duration-ms="9680" started-at="2015-07-06T08:49:48Z" finished-at="2015-07-06T08:49:58Z">
    <groups>
    </groups>
    <test name="Default test" duration-ms="9680" started-at="2015-07-06T08:49:48Z" finished-at="2015-07-06T08:49:58Z">
      <class name="com.example.tests.ContactsCreationTests">
        <test-method status="PASS" signature="testEmptyContactCreation()[pri:0, instance:com.example.tests.ContactsCreationTests@1c53fd30]" name="testEmptyContactCreation" duration-ms="1576" started-at="2015-07-06T11:49:52Z" finished-at="2015-07-06T11:49:54Z">
          <reporter-output>
          </reporter-output>
        </test-method> <!-- testEmptyContactCreation -->
        <test-method status="PASS" signature="testNonEmptyContactCreation()[pri:0, instance:com.example.tests.ContactsCreationTests@1c53fd30]" name="testNonEmptyContactCreation" duration-ms="1460" started-at="2015-07-06T11:49:54Z" finished-at="2015-07-06T11:49:55Z">
          <reporter-output>
          </reporter-output>
        </test-method> <!-- testNonEmptyContactCreation -->
      </class> <!-- com.example.tests.ContactsCreationTests -->
      <class name="com.example.tests.TestBase">
        <test-method status="PASS" signature="setUp()[pri:0, instance:com.example.tests.TestBase@1ff8b8f]" name="setUp" is-config="true" duration-ms="4315" started-at="2015-07-06T11:49:48Z" finished-at="2015-07-06T11:49:52Z">
          <reporter-output>
          </reporter-output>
        </test-method> <!-- setUp -->
        <test-method status="PASS" signature="tearDown()[pri:0, instance:com.example.tests.TestBase@1ff8b8f]" name="tearDown" is-config="true" duration-ms="391" started-at="2015-07-06T11:49:57Z" finished-at="2015-07-06T11:49:58Z">
          <reporter-output>
          </reporter-output>
        </test-method> <!-- tearDown -->
      </class> <!-- com.example.tests.TestBase -->
      <class name="com.example.tests.GroupCreationTests">
        <test-method status="PASS" signature="testEmptyGroupCreation()[pri:0, instance:com.example.tests.GroupCreationTests@2ac1fdc4]" name="testEmptyGroupCreation" duration-ms="978" started-at="2015-07-06T11:49:55Z" finished-at="2015-07-06T11:49:56Z">
          <reporter-output>
          </reporter-output>
        </test-method> <!-- testEmptyGroupCreation -->
        <test-method status="PASS" signature="testNonEmptyGroupCreation()[pri:0, instance:com.example.tests.GroupCreationTests@2ac1fdc4]" name="testNonEmptyGroupCreation" duration-ms="950" started-at="2015-07-06T11:49:56Z" finished-at="2015-07-06T11:49:57Z">
          <reporter-output>
          </reporter-output>
        </test-method> <!-- testNonEmptyGroupCreation -->
      </class> <!-- com.example.tests.GroupCreationTests -->
    </test> <!-- Default test -->
  </suite> <!-- Default suite -->
</testng-results>
