<?xml version="1.0" encoding="UTF-8"?>
<!-- Generated by org.testng.reporters.JUnitXMLReporter -->
<testsuite hostname="RU1207211810" name="Default test" tests="4" failures="0" timestamp="24 Jun 2015 14:21:05 GMT" time="8.249" errors="0">
  <testcase name="testEmptyContactCreation" time="1.55" classname="com.example.tests.ContactsCreationTests"/>
  <testcase name="testNonEmptyContactCreation" time="1.382" classname="com.example.tests.ContactsCreationTests"/>
  <testcase name="testEmptyGroupCreation" time="0.92" classname="com.example.tests.GroupCreationTests"/>
  <testcase name="testNonEmptyGroupCreation" time="0.9" classname="com.example.tests.GroupCreationTests"/>
</testsuite> <!-- Default test -->
