<?xml version="1.0" encoding="UTF-8"?>
<!-- Generated by org.testng.reporters.JUnitXMLReporter -->
<testsuite hostname="RU1207211810" name="Default test" tests="4" failures="0" timestamp="6 Jul 2015 08:49:58 GMT" time="9.68" errors="0">
  <testcase name="testEmptyContactCreation" time="1.576" classname="com.example.tests.ContactsCreationTests"/>
  <testcase name="testNonEmptyContactCreation" time="1.46" classname="com.example.tests.ContactsCreationTests"/>
  <testcase name="testEmptyGroupCreation" time="0.978" classname="com.example.tests.GroupCreationTests"/>
  <testcase name="testNonEmptyGroupCreation" time="0.95" classname="com.example.tests.GroupCreationTests"/>
</testsuite> <!-- Default test -->
