<?xml version="1.0" encoding="UTF-8"?>
<!-- Generated by org.testng.reporters.JUnitXMLReporter -->
<testsuite hostname="RU1207211827" name="Default test" tests="3" failures="0" timestamp="13 Jul 2015 07:35:16 GMT" time="36.033" errors="0">
  <testcase name="testNonEmptyContactCreation" time="10.025" classname="com.example.tests.ContactsCreationTests"/>
  <testcase name="testNonEmptyContactCreation" time="9.816" classname="com.example.tests.ContactsCreationTests"/>
  <testcase name="testNonEmptyContactCreation" time="10.178" classname="com.example.tests.ContactsCreationTests"/>
</testsuite> <!-- Default test -->
